Flow report for ParteB
Tue Oct 22 19:51:37 2024
Quartus II 64-Bit Version 13.1.0 Build 162 10/23/2013 SJ Web Edition


---------------------
; Table of Contents ;
---------------------
  1. Legal Notice
  2. Flow Summary
  3. Flow Settings
  4. Flow Non-Default Global Settings
  5. Flow Elapsed Time
  6. Flow OS Summary
  7. Flow Log
  8. Flow Messages
  9. Flow Suppressed Messages



----------------
; Legal Notice ;
----------------
Copyright (C) 1991-2013 Altera Corporation
Your use of Altera Corporation's design tools, logic functions 
and other software and tools, and its AMPP partner logic 
functions, and any output files from any of the foregoing 
(including device programming or simulation files), and any 
associated documentation or information are expressly subject 
to the terms and conditions of the Altera Program License 
Subscription Agreement, Altera MegaCore Function License 
Agreement, or other applicable license agreement, including, 
without limitation, that your use is for the sole purpose of 
programming logic devices manufactured by Altera and sold by 
Altera or its authorized distributors.  Please refer to the 
applicable agreement for further details.



+---------------------------------------------------------------------------------+
; Flow Summary                                                                    ;
+------------------------------------+--------------------------------------------+
; Flow Status                        ; Successful - Tue Oct 22 19:51:37 2024      ;
; Quartus II 64-Bit Version          ; 13.1.0 Build 162 10/23/2013 SJ Web Edition ;
; Revision Name                      ; ParteB                                     ;
; Top-level Entity Name              ; ParteB                                     ;
; Family                             ; Cyclone III                                ;
; Device                             ; EP3C120F780C7                              ;
; Timing Models                      ; Final                                      ;
; Total logic elements               ; 0 / 119,088 ( 0 % )                        ;
;     Total combinational functions  ; 0 / 119,088 ( 0 % )                        ;
;     Dedicated logic registers      ; 0 / 119,088 ( 0 % )                        ;
; Total registers                    ; 0                                          ;
; Total pins                         ; 3 / 532 ( < 1 % )                          ;
; Total virtual pins                 ; 0                                          ;
; Total memory bits                  ; 0 / 3,981,312 ( 0 % )                      ;
; Embedded Multiplier 9-bit elements ; 0 / 576 ( 0 % )                            ;
; Total PLLs                         ; 0 / 4 ( 0 % )                              ;
+------------------------------------+--------------------------------------------+


+-----------------------------------------+
; Flow Settings                           ;
+-------------------+---------------------+
; Option            ; Setting             ;
+-------------------+---------------------+
; Start date & time ; 10/22/2024 19:51:00 ;
; Main task         ; Compilation         ;
; Revision Name     ; ParteB              ;
+-------------------+---------------------+


+----------------------------------------------------------------------------------------------------------------------------------------------------------------+
; Flow Non-Default Global Settings                                                                                                                               ;
+-------------------------------------+---------------------------------------------------------------------------+---------------+-------------+----------------+
; Assignment Name                     ; Value                                                                     ; Default Value ; Entity Name ; Section Id     ;
+-------------------------------------+---------------------------------------------------------------------------+---------------+-------------+----------------+
; COMPILER_SIGNATURE_ID               ; 247207018949143.172963746007400                                           ; --            ; --          ; --             ;
; EDA_GENERATE_FUNCTIONAL_NETLIST     ; Off                                                                       ; --            ; --          ; eda_simulation ;
; EDA_NETLIST_WRITER_OUTPUT_DIR       ; C:/Users/santi/OneDrive/Documentos/GitHub/quartus/ParteB/simulation/qsim/ ; --            ; --          ; eda_simulation ;
; EDA_OUTPUT_DATA_FORMAT              ; Verilog Hdl                                                               ; --            ; --          ; eda_simulation ;
; EDA_SIMULATION_TOOL                 ; ModelSim-Altera (Verilog)                                                 ; <None>        ; --          ; --             ;
; EDA_TIME_SCALE                      ; 1 ps                                                                      ; --            ; --          ; eda_simulation ;
; MAX_CORE_JUNCTION_TEMP              ; 85                                                                        ; --            ; --          ; --             ;
; MIN_CORE_JUNCTION_TEMP              ; 0                                                                         ; --            ; --          ; --             ;
; NOMINAL_CORE_SUPPLY_VOLTAGE         ; 1.2V                                                                      ; --            ; --          ; --             ;
; PARTITION_COLOR                     ; 16764057                                                                  ; --            ; --          ; Top            ;
; PARTITION_FITTER_PRESERVATION_LEVEL ; PLACEMENT_AND_ROUTING                                                     ; --            ; --          ; Top            ;
; PARTITION_NETLIST_TYPE              ; SOURCE                                                                    ; --            ; --          ; Top            ;
; PROJECT_OUTPUT_DIRECTORY            ; output_files                                                              ; --            ; --          ; --             ;
+-------------------------------------+---------------------------------------------------------------------------+---------------+-------------+----------------+


+-------------------------------------------------------------------------------------------------------------------------------+
; Flow Elapsed Time                                                                                                             ;
+---------------------------+--------------+-------------------------+---------------------+------------------------------------+
; Module Name               ; Elapsed Time ; Average Processors Used ; Peak Virtual Memory ; Total CPU Time (on all processors) ;
+---------------------------+--------------+-------------------------+---------------------+------------------------------------+
; Analysis & Synthesis      ; 00:00:01     ; 1.0                     ; 4651 MB             ; 00:00:01                           ;
; Fitter                    ; 00:00:11     ; 1.0                     ; 5045 MB             ; 00:00:11                           ;
; Assembler                 ; 00:00:04     ; 1.0                     ; 4582 MB             ; 00:00:04                           ;
; TimeQuest Timing Analyzer ; 00:00:02     ; 1.0                     ; 4675 MB             ; 00:00:02                           ;
; EDA Netlist Writer        ; 00:00:01     ; 1.0                     ; 4543 MB             ; 00:00:01                           ;
; EDA Netlist Writer        ; 00:00:01     ; 1.0                     ; 4552 MB             ; 00:00:01                           ;
; EDA Netlist Writer        ; 00:00:01     ; 1.0                     ; 4552 MB             ; 00:00:01                           ;
; EDA Netlist Writer        ; 00:00:00     ; 1.0                     ; 4552 MB             ; 00:00:01                           ;
; EDA Netlist Writer        ; 00:00:00     ; 1.0                     ; 4552 MB             ; 00:00:01                           ;
; Total                     ; 00:00:21     ; --                      ; --                  ; 00:00:23                           ;
+---------------------------+--------------+-------------------------+---------------------+------------------------------------+


+----------------------------------------------------------------------------------------+
; Flow OS Summary                                                                        ;
+---------------------------+------------------+-----------+------------+----------------+
; Module Name               ; Machine Hostname ; OS Name   ; OS Version ; Processor type ;
+---------------------------+------------------+-----------+------------+----------------+
; Analysis & Synthesis      ; Benja-PC         ; Windows 7 ; 6.2        ; x86_64         ;
; Fitter                    ; Benja-PC         ; Windows 7 ; 6.2        ; x86_64         ;
; Assembler                 ; Benja-PC         ; Windows 7 ; 6.2        ; x86_64         ;
; TimeQuest Timing Analyzer ; Benja-PC         ; Windows 7 ; 6.2        ; x86_64         ;
; EDA Netlist Writer        ; Benja-PC         ; Windows 7 ; 6.2        ; x86_64         ;
; EDA Netlist Writer        ; Benja-PC         ; Windows 7 ; 6.2        ; x86_64         ;
; EDA Netlist Writer        ; Benja-PC         ; Windows 7 ; 6.2        ; x86_64         ;
; EDA Netlist Writer        ; Benja-PC         ; Windows 7 ; 6.2        ; x86_64         ;
; EDA Netlist Writer        ; Benja-PC         ; Windows 7 ; 6.2        ; x86_64         ;
+---------------------------+------------------+-----------+------------+----------------+


------------
; Flow Log ;
------------
quartus_map --read_settings_files=on --write_settings_files=off ParteB -c ParteB
quartus_fit --read_settings_files=off --write_settings_files=off ParteB -c ParteB
quartus_asm --read_settings_files=off --write_settings_files=off ParteB -c ParteB
quartus_sta ParteB -c ParteB
quartus_eda --read_settings_files=off --write_settings_files=off ParteB -c ParteB
quartus_eda --gen_testbench --check_outputs=on --tool=modelsim_oem --format=verilog ParteB -c ParteB --vector_source=C:/Users/santi/OneDrive/Documentos/GitHub/quartus/ParteB/Waveform.vwf --testbench_file=C:/Users/santi/OneDrive/Documentos/GitHub/quartus/ParteB/simulation/qsim/Waveform.vwf.vt
quartus_eda --functional=on --flatten_buses=off --simulation=on --tool=modelsim_oem --format=verilog --output_directory=C:/Users/santi/OneDrive/Documentos/GitHub/quartus/ParteB/simulation/qsim/ ParteB -c ParteB
quartus_eda --gen_testbench --check_outputs=on --tool=modelsim_oem --format=verilog ParteB -c ParteB --vector_source=C:/Users/santi/OneDrive/Documentos/GitHub/quartus/ParteB/Waveform.vwf --testbench_file=C:/Users/santi/OneDrive/Documentos/GitHub/quartus/ParteB/simulation/qsim/Waveform.vwf.vt
quartus_eda --functional=off --flatten_buses=off --timescale=1ps --simulation=on --tool=modelsim_oem --format=verilog --output_directory=C:/Users/santi/OneDrive/Documentos/GitHub/quartus/ParteB/simulation/qsim/ ParteB -c ParteB



